0 silly argv {
0 silly argv   _: [ 'link' ],
0 silly argv   lernaVersion: '4.0.0',
0 silly argv   '$0': '/Users/admin/Documents/Projects/pet/GEngine/node_modules/.bin/lerna'
0 silly argv }
1 notice cli v4.0.0
2 verbose rootPath /Users/admin/Documents/Projects/pet/GEngine
3 info versioning independent
4 error JSONError: Unexpected token "}" (0x7D) in JSON at position 443 while parsing near "...ne/_engine\": \"*\",\n  },\n  \"description\": ..." in ../../previews/default/package.json
4 error
4 error [0m [90m 15 |[39m     [32m"workbox-webpack-plugin"[39m[33m:[39m [32m"^6.2.4"[39m[33m,[39m[0m
4 error [0m [90m 16 |[39m     [32m"@gengine/_engine"[39m[33m:[39m [32m"*"[39m[33m,[39m[0m
4 error [0m[31m[1m>[22m[39m[90m 17 |[39m   }[33m,[39m[0m
4 error [0m [90m    |[39m   [31m[1m^[22m[39m[0m
4 error [0m [90m 18 |[39m   [32m"description"[39m[33m:[39m [32m"My webpack project"[39m[33m,[39m[0m
4 error [0m [90m 19 |[39m   [32m"scripts"[39m[33m:[39m {[0m
4 error [0m [90m 20 |[39m     [32m"build"[39m[33m:[39m [32m"webpack --mode=production --node-env=production"[39m[33m,[39m[0m
4 error
4 error     at parseJson (/Users/admin/Documents/Projects/pet/GEngine/node_modules/parse-json/index.js:29:21)
4 error     at parse (/Users/admin/Documents/Projects/pet/GEngine/node_modules/load-json-file/index.js:15:9)
4 error     at module.exports (/Users/admin/Documents/Projects/pet/GEngine/node_modules/load-json-file/index.js:18:47)
