Arguments: 
  /usr/local/Cellar/node@14/14.17.1/bin/node /usr/local/lib/node_modules/yarn/bin/yarn.js config list --json

PATH: 
  /usr/local/opt/node@14/bin:/usr/local/bin:/usr/bin:/bin:/usr/sbin:/sbin:/Library/Frameworks/Mono.framework/Versions/Current/Commands

Yarn version: 
  1.22.11

Node version: 
  14.17.1

Platform: 
  darwin x64

Trace: 
  SyntaxError: /Users/admin/Documents/Projects/pet/GEngine/previews/default/package.json: Unexpected token } in JSON at position 443
      at JSON.parse (<anonymous>)
      at /usr/local/lib/node_modules/yarn/lib/cli.js:1625:59
      at Generator.next (<anonymous>)
      at step (/usr/local/lib/node_modules/yarn/lib/cli.js:310:30)
      at /usr/local/lib/node_modules/yarn/lib/cli.js:321:13

npm manifest: 
  {
    "name": "my-webpack-project",
    "version": "1.0.0",
    "main": "index.js",
    "license": "MIT",
    "devDependencies": {
      "@webpack-cli/generators": "^2.2.0",
      "html-webpack-plugin": "^5.3.2",
      "prettier": "^2.3.2",
      "ts-loader": "^9.2.5",
      "typescript": "^4.3.5",
      "webpack": "^5.50.0",
      "webpack-cli": "^4.7.2",
      "webpack-dev-server": "^3.11.2",
      "workbox-webpack-plugin": "^6.2.4",
      "@gengine/_engine": "*",
    },
    "description": "My webpack project",
    "scripts": {
      "build": "webpack --mode=production --node-env=production",
      "build:dev": "webpack --mode=development --stats-error-details",
      "build:prod": "webpack --mode=production --node-env=production",
      "watch": "webpack --watch",
      "serve": "webpack serve"
    }
  }

yarn manifest: 
  No manifest

Lockfile: 
  No lockfile
